[0.010s] Invoking command in '/home/ryangpaiva/px4_minimal_ws/build/px4_msgs': /usr/bin/cmake /home/ryangpaiva/px4_minimal_ws/src/px4_msgs -DCMAKE_INSTALL_PREFIX=/home/ryangpaiva/px4_minimal_ws/install/px4_msgs
[0.063s] -- The C compiler identification is GNU 11.4.0
[0.113s] -- The CXX compiler identification is GNU 11.4.0
[0.120s] -- Detecting C compiler ABI info
[0.191s] -- Detecting C compiler ABI info - done
[0.196s] -- Check for working C compiler: /usr/bin/cc - skipped
[0.196s] -- Detecting C compile features
[0.196s] -- Detecting C compile features - done
[0.199s] -- Detecting CXX compiler ABI info
[0.282s] -- Detecting CXX compiler ABI info - done
[0.288s] -- Check for working CXX compiler: /usr/bin/c++ - skipped
[0.288s] -- Detecting CXX compile features
[0.288s] -- Detecting CXX compile features - done
[0.296s] [31mCMake Error at CMakeLists.txt:11 (find_package):
[0.296s]   By not providing "Findament_cmake.cmake" in CMAKE_MODULE_PATH this project
[0.296s]   has asked CMake to find a package configuration file provided by
[0.297s]   "ament_cmake", but CMake did not find one.
[0.297s] 
[0.297s]   Could not find a package configuration file provided by "ament_cmake" with
[0.297s]   any of the following names:
[0.297s] 
[0.297s]     ament_cmakeConfig.cmake
[0.297s]     ament_cmake-config.cmake
[0.297s] 
[0.297s]   Add the installation prefix of "ament_cmake" to CMAKE_PREFIX_PATH or set
[0.297s]   "ament_cmake_DIR" to a directory containing one of the above files.  If
[0.297s]   "ament_cmake" provides a separate development package or SDK, be sure it
[0.297s]   has been installed.
[0.297s] 
[0.297s] [0m
[0.297s] -- Configuring incomplete, errors occurred!
[0.298s] See also "/home/ryangpaiva/px4_minimal_ws/build/px4_msgs/CMakeFiles/CMakeOutput.log".
[0.299s] Invoked command in '/home/ryangpaiva/px4_minimal_ws/build/px4_msgs' returned '1': /usr/bin/cmake /home/ryangpaiva/px4_minimal_ws/src/px4_msgs -DCMAKE_INSTALL_PREFIX=/home/ryangpaiva/px4_minimal_ws/install/px4_msgs
