[0.785s] Invoking command in '/home/ryangpaiva/px4_minimal_ws/src/px4_offboard': PYTHONPATH=/home/ryangpaiva/px4_minimal_ws/build/px4_offboard/prefix_override:/usr/lib/python3/dist-packages/colcon_core/task/python/colcon_distutils_commands:/home/ryangpaiva/px4_minimal_ws/install/px4_offboard/lib/python3.10/site-packages:${PYTHONPATH} /usr/bin/python3 -W ignore:setup.py install is deprecated -W ignore:easy_install command is deprecated setup.py egg_info --egg-base ../../build/px4_offboard build --build-base /home/ryangpaiva/px4_minimal_ws/build/px4_offboard/build install --record /home/ryangpaiva/px4_minimal_ws/build/px4_offboard/install.log --single-version-externally-managed install_data
[1.067s] running egg_info
[1.067s] creating ../../build/px4_offboard/px4_offboard.egg-info
[1.067s] writing ../../build/px4_offboard/px4_offboard.egg-info/PKG-INFO
[1.068s] writing dependency_links to ../../build/px4_offboard/px4_offboard.egg-info/dependency_links.txt
[1.068s] writing entry points to ../../build/px4_offboard/px4_offboard.egg-info/entry_points.txt
[1.068s] writing requirements to ../../build/px4_offboard/px4_offboard.egg-info/requires.txt
[1.068s] writing top-level names to ../../build/px4_offboard/px4_offboard.egg-info/top_level.txt
[1.068s] writing manifest file '../../build/px4_offboard/px4_offboard.egg-info/SOURCES.txt'
[1.070s] reading manifest file '../../build/px4_offboard/px4_offboard.egg-info/SOURCES.txt'
[1.070s] adding license file 'LICENSE'
[1.070s] writing manifest file '../../build/px4_offboard/px4_offboard.egg-info/SOURCES.txt'
[1.070s] running build
[1.070s] running build_py
[1.071s] creating /home/ryangpaiva/px4_minimal_ws/build/px4_offboard/build
[1.071s] creating /home/ryangpaiva/px4_minimal_ws/build/px4_offboard/build/lib
[1.071s] creating /home/ryangpaiva/px4_minimal_ws/build/px4_offboard/build/lib/px4_offboard
[1.071s] copying px4_offboard/offboard_node.py -> /home/ryangpaiva/px4_minimal_ws/build/px4_offboard/build/lib/px4_offboard
[1.071s] copying px4_offboard/__init__.py -> /home/ryangpaiva/px4_minimal_ws/build/px4_offboard/build/lib/px4_offboard
[1.071s] copying px4_offboard/visualizer.py -> /home/ryangpaiva/px4_minimal_ws/build/px4_offboard/build/lib/px4_offboard
[1.071s] running install
[1.071s] running install_lib
[1.072s] creating /home/ryangpaiva/px4_minimal_ws/install/px4_offboard/lib/python3.10/site-packages/px4_offboard
[1.072s] copying /home/ryangpaiva/px4_minimal_ws/build/px4_offboard/build/lib/px4_offboard/offboard_node.py -> /home/ryangpaiva/px4_minimal_ws/install/px4_offboard/lib/python3.10/site-packages/px4_offboard
[1.072s] copying /home/ryangpaiva/px4_minimal_ws/build/px4_offboard/build/lib/px4_offboard/__init__.py -> /home/ryangpaiva/px4_minimal_ws/install/px4_offboard/lib/python3.10/site-packages/px4_offboard
[1.072s] copying /home/ryangpaiva/px4_minimal_ws/build/px4_offboard/build/lib/px4_offboard/visualizer.py -> /home/ryangpaiva/px4_minimal_ws/install/px4_offboard/lib/python3.10/site-packages/px4_offboard
[1.072s] byte-compiling /home/ryangpaiva/px4_minimal_ws/install/px4_offboard/lib/python3.10/site-packages/px4_offboard/offboard_node.py to offboard_node.cpython-310.pyc
[1.073s] byte-compiling /home/ryangpaiva/px4_minimal_ws/install/px4_offboard/lib/python3.10/site-packages/px4_offboard/__init__.py to __init__.cpython-310.pyc
[1.073s] byte-compiling /home/ryangpaiva/px4_minimal_ws/install/px4_offboard/lib/python3.10/site-packages/px4_offboard/visualizer.py to visualizer.cpython-310.pyc
[1.075s] running install_data
[1.075s] creating /home/ryangpaiva/px4_minimal_ws/install/px4_offboard/share/ament_index
[1.075s] creating /home/ryangpaiva/px4_minimal_ws/install/px4_offboard/share/ament_index/resource_index
[1.075s] creating /home/ryangpaiva/px4_minimal_ws/install/px4_offboard/share/ament_index/resource_index/packages
[1.075s] copying resource/px4_offboard -> /home/ryangpaiva/px4_minimal_ws/install/px4_offboard/share/ament_index/resource_index/packages
[1.075s] copying package.xml -> /home/ryangpaiva/px4_minimal_ws/install/px4_offboard/share/px4_offboard
[1.075s] running install_egg_info
[1.078s] Copying ../../build/px4_offboard/px4_offboard.egg-info to /home/ryangpaiva/px4_minimal_ws/install/px4_offboard/lib/python3.10/site-packages/px4_offboard-0.0.0-py3.10.egg-info
[1.078s] running install_scripts
[1.099s] Installing offboard_node script to /home/ryangpaiva/px4_minimal_ws/install/px4_offboard/lib/px4_offboard
[1.099s] writing list of installed files to '/home/ryangpaiva/px4_minimal_ws/build/px4_offboard/install.log'
[1.123s] Invoked command in '/home/ryangpaiva/px4_minimal_ws/src/px4_offboard' returned '0': PYTHONPATH=/home/ryangpaiva/px4_minimal_ws/build/px4_offboard/prefix_override:/usr/lib/python3/dist-packages/colcon_core/task/python/colcon_distutils_commands:/home/ryangpaiva/px4_minimal_ws/install/px4_offboard/lib/python3.10/site-packages:${PYTHONPATH} /usr/bin/python3 -W ignore:setup.py install is deprecated -W ignore:easy_install command is deprecated setup.py egg_info --egg-base ../../build/px4_offboard build --build-base /home/ryangpaiva/px4_minimal_ws/build/px4_offboard/build install --record /home/ryangpaiva/px4_minimal_ws/build/px4_offboard/install.log --single-version-externally-managed install_data
