[0.071s] DEBUG:colcon:Command line arguments: ['/usr/bin/colcon', 'build', '--packages-select', 'px4_msgs']
[0.071s] DEBUG:colcon:Parsed command line arguments: Namespace(log_base=None, log_level=None, verb_name='build', build_base='build', install_base='install', merge_install=False, symlink_install=False, test_result_base=None, continue_on_error=False, executor='parallel', parallel_workers=20, event_handlers=None, ignore_user_meta=False, metas=['./colcon.meta'], base_paths=['.'], packages_ignore=None, packages_ignore_regex=None, paths=None, packages_up_to=None, packages_up_to_regex=None, packages_above=None, packages_above_and_dependencies=None, packages_above_depth=None, packages_select_by_dep=None, packages_skip_by_dep=None, packages_skip_up_to=None, packages_select_build_failed=False, packages_skip_build_finished=False, packages_select_test_failures=False, packages_skip_test_passed=False, packages_select=['px4_msgs'], packages_skip=None, packages_select_regex=None, packages_skip_regex=None, packages_start=None, packages_end=None, allow_overriding=[], cmake_args=None, cmake_target=None, cmake_target_skip_unavailable=False, cmake_clean_cache=False, cmake_clean_first=False, cmake_force_configure=False, ament_cmake_args=None, catkin_cmake_args=None, catkin_skip_building_tests=False, mixin_files=None, mixin=None, verb_parser=<colcon_mixin.mixin.mixin_argument.MixinArgumentDecorator object at 0x7d7b3847ba60>, verb_extension=<colcon_core.verb.build.BuildVerb object at 0x7d7b385c89a0>, main=<bound method BuildVerb.main of <colcon_core.verb.build.BuildVerb object at 0x7d7b385c89a0>>, mixin_verb=('build',))
[0.206s] Level 1:colcon.colcon_core.package_discovery:discover_packages(colcon_meta) check parameters
[0.206s] Level 1:colcon.colcon_core.package_discovery:discover_packages(recursive) check parameters
[0.206s] Level 1:colcon.colcon_core.package_discovery:discover_packages(ignore) check parameters
[0.206s] Level 1:colcon.colcon_core.package_discovery:discover_packages(path) check parameters
[0.206s] Level 1:colcon.colcon_core.package_discovery:discover_packages(colcon_meta) discover
[0.206s] Level 1:colcon.colcon_core.package_discovery:discover_packages(recursive) discover
[0.206s] INFO:colcon.colcon_core.package_discovery:Crawling recursively for packages in '/home/ryangpaiva/px4_minimal_ws'
[0.206s] Level 1:colcon.colcon_core.package_identification:_identify(.) by extensions ['ignore', 'ignore_ament_install']
[0.206s] Level 1:colcon.colcon_core.package_identification:_identify(.) by extension 'ignore'
[0.206s] Level 1:colcon.colcon_core.package_identification:_identify(.) by extension 'ignore_ament_install'
[0.206s] Level 1:colcon.colcon_core.package_identification:_identify(.) by extensions ['colcon_pkg']
[0.206s] Level 1:colcon.colcon_core.package_identification:_identify(.) by extension 'colcon_pkg'
[0.206s] Level 1:colcon.colcon_core.package_identification:_identify(.) by extensions ['colcon_meta']
[0.206s] Level 1:colcon.colcon_core.package_identification:_identify(.) by extension 'colcon_meta'
[0.206s] Level 1:colcon.colcon_core.package_identification:_identify(.) by extensions ['ros']
[0.207s] Level 1:colcon.colcon_core.package_identification:_identify(.) by extension 'ros'
[0.219s] Level 1:colcon.colcon_core.package_identification:_identify(.) by extensions ['cmake', 'python']
[0.219s] Level 1:colcon.colcon_core.package_identification:_identify(.) by extension 'cmake'
[0.219s] Level 1:colcon.colcon_core.package_identification:_identify(.) by extension 'python'
[0.219s] Level 1:colcon.colcon_core.package_identification:_identify(.) by extensions ['python_setup_py']
[0.219s] Level 1:colcon.colcon_core.package_identification:_identify(.) by extension 'python_setup_py'
[0.219s] Level 1:colcon.colcon_core.package_identification:_identify(build) by extensions ['ignore', 'ignore_ament_install']
[0.219s] Level 1:colcon.colcon_core.package_identification:_identify(build) by extension 'ignore'
[0.219s] Level 1:colcon.colcon_core.package_identification:_identify(build) ignored
[0.219s] Level 1:colcon.colcon_core.package_identification:_identify(install) by extensions ['ignore', 'ignore_ament_install']
[0.220s] Level 1:colcon.colcon_core.package_identification:_identify(install) by extension 'ignore'
[0.220s] Level 1:colcon.colcon_core.package_identification:_identify(install) ignored
[0.220s] Level 1:colcon.colcon_core.package_identification:_identify(log) by extensions ['ignore', 'ignore_ament_install']
[0.220s] Level 1:colcon.colcon_core.package_identification:_identify(log) by extension 'ignore'
[0.220s] Level 1:colcon.colcon_core.package_identification:_identify(log) ignored
[0.220s] Level 1:colcon.colcon_core.package_identification:_identify(src) by extensions ['ignore', 'ignore_ament_install']
[0.220s] Level 1:colcon.colcon_core.package_identification:_identify(src) by extension 'ignore'
[0.220s] Level 1:colcon.colcon_core.package_identification:_identify(src) by extension 'ignore_ament_install'
[0.220s] Level 1:colcon.colcon_core.package_identification:_identify(src) by extensions ['colcon_pkg']
[0.220s] Level 1:colcon.colcon_core.package_identification:_identify(src) by extension 'colcon_pkg'
[0.220s] Level 1:colcon.colcon_core.package_identification:_identify(src) by extensions ['colcon_meta']
[0.220s] Level 1:colcon.colcon_core.package_identification:_identify(src) by extension 'colcon_meta'
[0.220s] Level 1:colcon.colcon_core.package_identification:_identify(src) by extensions ['ros']
[0.220s] Level 1:colcon.colcon_core.package_identification:_identify(src) by extension 'ros'
[0.220s] Level 1:colcon.colcon_core.package_identification:_identify(src) by extensions ['cmake', 'python']
[0.220s] Level 1:colcon.colcon_core.package_identification:_identify(src) by extension 'cmake'
[0.220s] Level 1:colcon.colcon_core.package_identification:_identify(src) by extension 'python'
[0.220s] Level 1:colcon.colcon_core.package_identification:_identify(src) by extensions ['python_setup_py']
[0.220s] Level 1:colcon.colcon_core.package_identification:_identify(src) by extension 'python_setup_py'
[0.220s] Level 1:colcon.colcon_core.package_identification:_identify(src/px4_msgs) by extensions ['ignore', 'ignore_ament_install']
[0.220s] Level 1:colcon.colcon_core.package_identification:_identify(src/px4_msgs) by extension 'ignore'
[0.220s] Level 1:colcon.colcon_core.package_identification:_identify(src/px4_msgs) by extension 'ignore_ament_install'
[0.220s] Level 1:colcon.colcon_core.package_identification:_identify(src/px4_msgs) by extensions ['colcon_pkg']
[0.220s] Level 1:colcon.colcon_core.package_identification:_identify(src/px4_msgs) by extension 'colcon_pkg'
[0.220s] Level 1:colcon.colcon_core.package_identification:_identify(src/px4_msgs) by extensions ['colcon_meta']
[0.220s] Level 1:colcon.colcon_core.package_identification:_identify(src/px4_msgs) by extension 'colcon_meta'
[0.220s] Level 1:colcon.colcon_core.package_identification:_identify(src/px4_msgs) by extensions ['ros']
[0.220s] Level 1:colcon.colcon_core.package_identification:_identify(src/px4_msgs) by extension 'ros'
[0.223s] DEBUG:colcon.colcon_core.package_identification:Package 'src/px4_msgs' with type 'ros.ament_cmake' and name 'px4_msgs'
[0.223s] Level 1:colcon.colcon_core.package_identification:_identify(src/px4_msgs_backup) by extensions ['ignore', 'ignore_ament_install']
[0.223s] Level 1:colcon.colcon_core.package_identification:_identify(src/px4_msgs_backup) by extension 'ignore'
[0.223s] Level 1:colcon.colcon_core.package_identification:_identify(src/px4_msgs_backup) by extension 'ignore_ament_install'
[0.223s] Level 1:colcon.colcon_core.package_identification:_identify(src/px4_msgs_backup) by extensions ['colcon_pkg']
[0.223s] Level 1:colcon.colcon_core.package_identification:_identify(src/px4_msgs_backup) by extension 'colcon_pkg'
[0.223s] Level 1:colcon.colcon_core.package_identification:_identify(src/px4_msgs_backup) by extensions ['colcon_meta']
[0.223s] Level 1:colcon.colcon_core.package_identification:_identify(src/px4_msgs_backup) by extension 'colcon_meta'
[0.223s] Level 1:colcon.colcon_core.package_identification:_identify(src/px4_msgs_backup) by extensions ['ros']
[0.224s] Level 1:colcon.colcon_core.package_identification:_identify(src/px4_msgs_backup) by extension 'ros'
[0.224s] Level 1:colcon.colcon_core.package_identification:_identify(src/px4_msgs_backup) by extensions ['cmake', 'python']
[0.224s] Level 1:colcon.colcon_core.package_identification:_identify(src/px4_msgs_backup) by extension 'cmake'
[0.227s] Level 1:colcon.colcon_core.package_identification:_identify(src/px4_msgs_backup) by extension 'python'
[0.227s] DEBUG:colcon.colcon_core.package_identification:Package 'src/px4_msgs_backup' with type 'cmake' and name 'px4_msgs_backup'
[0.227s] Level 1:colcon.colcon_core.package_identification:_identify(src/px4_offboard) by extensions ['ignore', 'ignore_ament_install']
[0.227s] Level 1:colcon.colcon_core.package_identification:_identify(src/px4_offboard) by extension 'ignore'
[0.227s] Level 1:colcon.colcon_core.package_identification:_identify(src/px4_offboard) by extension 'ignore_ament_install'
[0.227s] Level 1:colcon.colcon_core.package_identification:_identify(src/px4_offboard) by extensions ['colcon_pkg']
[0.227s] Level 1:colcon.colcon_core.package_identification:_identify(src/px4_offboard) by extension 'colcon_pkg'
[0.227s] Level 1:colcon.colcon_core.package_identification:_identify(src/px4_offboard) by extensions ['colcon_meta']
[0.227s] Level 1:colcon.colcon_core.package_identification:_identify(src/px4_offboard) by extension 'colcon_meta'
[0.228s] Level 1:colcon.colcon_core.package_identification:_identify(src/px4_offboard) by extensions ['ros']
[0.228s] Level 1:colcon.colcon_core.package_identification:_identify(src/px4_offboard) by extension 'ros'
[0.228s] DEBUG:colcon.colcon_core.package_identification:Package 'src/px4_offboard' with type 'ros.ament_python' and name 'px4_offboard'
[0.228s] Level 1:colcon.colcon_core.package_discovery:discover_packages(recursive) using defaults
[0.228s] Level 1:colcon.colcon_core.package_discovery:discover_packages(ignore) discover
[0.228s] Level 1:colcon.colcon_core.package_discovery:discover_packages(ignore) using defaults
[0.228s] Level 1:colcon.colcon_core.package_discovery:discover_packages(path) discover
[0.228s] Level 1:colcon.colcon_core.package_discovery:discover_packages(path) using defaults
[0.242s] INFO:colcon.colcon_core.package_selection:Skipping not selected package 'px4_msgs_backup' in 'src/px4_msgs_backup'
[0.242s] INFO:colcon.colcon_core.package_selection:Skipping not selected package 'px4_offboard' in 'src/px4_offboard'
[0.242s] Level 1:colcon.colcon_core.package_discovery:discover_packages(prefix_path) check parameters
[0.242s] Level 1:colcon.colcon_core.package_discovery:discover_packages(prefix_path) discover
[0.244s] DEBUG:colcon.colcon_installed_package_information.package_discovery:Found 343 installed packages in /opt/ros/humble
[0.245s] Level 1:colcon.colcon_core.package_discovery:discover_packages(prefix_path) using defaults
[0.269s] Level 5:colcon.colcon_core.verb:set package 'px4_msgs' build argument 'cmake_args' from command line to 'None'
[0.269s] Level 5:colcon.colcon_core.verb:set package 'px4_msgs' build argument 'cmake_target' from command line to 'None'
[0.269s] Level 5:colcon.colcon_core.verb:set package 'px4_msgs' build argument 'cmake_target_skip_unavailable' from command line to 'False'
[0.269s] Level 5:colcon.colcon_core.verb:set package 'px4_msgs' build argument 'cmake_clean_cache' from command line to 'False'
[0.269s] Level 5:colcon.colcon_core.verb:set package 'px4_msgs' build argument 'cmake_clean_first' from command line to 'False'
[0.269s] Level 5:colcon.colcon_core.verb:set package 'px4_msgs' build argument 'cmake_force_configure' from command line to 'False'
[0.269s] Level 5:colcon.colcon_core.verb:set package 'px4_msgs' build argument 'ament_cmake_args' from command line to 'None'
[0.269s] Level 5:colcon.colcon_core.verb:set package 'px4_msgs' build argument 'catkin_cmake_args' from command line to 'None'
[0.269s] Level 5:colcon.colcon_core.verb:set package 'px4_msgs' build argument 'catkin_skip_building_tests' from command line to 'False'
[0.269s] DEBUG:colcon.colcon_core.verb:Building package 'px4_msgs' with the following arguments: {'ament_cmake_args': None, 'build_base': '/home/ryangpaiva/px4_minimal_ws/build/px4_msgs', 'catkin_cmake_args': None, 'catkin_skip_building_tests': False, 'cmake_args': None, 'cmake_clean_cache': False, 'cmake_clean_first': False, 'cmake_force_configure': False, 'cmake_target': None, 'cmake_target_skip_unavailable': False, 'install_base': '/home/ryangpaiva/px4_minimal_ws/install/px4_msgs', 'merge_install': False, 'path': '/home/ryangpaiva/px4_minimal_ws/src/px4_msgs', 'symlink_install': False, 'test_result_base': None}
[0.269s] INFO:colcon.colcon_core.executor:Executing jobs using 'parallel' executor
[0.270s] DEBUG:colcon.colcon_parallel_executor.executor.parallel:run_until_complete
[0.271s] INFO:colcon.colcon_ros.task.ament_cmake.build:Building ROS package in '/home/ryangpaiva/px4_minimal_ws/src/px4_msgs' with build type 'ament_cmake'
[0.271s] INFO:colcon.colcon_cmake.task.cmake.build:Building CMake package in '/home/ryangpaiva/px4_minimal_ws/src/px4_msgs'
[0.272s] INFO:colcon.colcon_core.plugin_system:Skipping extension 'colcon_core.shell.bat': Not used on non-Windows systems
[0.272s] INFO:colcon.colcon_core.shell:Skip shell extension 'powershell' for command environment: Not usable outside of PowerShell
[0.272s] DEBUG:colcon.colcon_core.shell:Skip shell extension 'dsv' for command environment
[0.280s] DEBUG:colcon.colcon_core.event_handler.log_command:Invoking command in '/home/ryangpaiva/px4_minimal_ws/build/px4_msgs': CMAKE_PREFIX_PATH=/opt/ros/humble /usr/bin/cmake /home/ryangpaiva/px4_minimal_ws/src/px4_msgs -DCMAKE_INSTALL_PREFIX=/home/ryangpaiva/px4_minimal_ws/install/px4_msgs
[2.473s] DEBUG:colcon.colcon_core.event_handler.log_command:Invoked command in '/home/ryangpaiva/px4_minimal_ws/build/px4_msgs' returned '0': CMAKE_PREFIX_PATH=/opt/ros/humble /usr/bin/cmake /home/ryangpaiva/px4_minimal_ws/src/px4_msgs -DCMAKE_INSTALL_PREFIX=/home/ryangpaiva/px4_minimal_ws/install/px4_msgs
[2.475s] DEBUG:colcon.colcon_core.event_handler.log_command:Invoking command in '/home/ryangpaiva/px4_minimal_ws/build/px4_msgs': CMAKE_PREFIX_PATH=/opt/ros/humble /usr/bin/cmake --build /home/ryangpaiva/px4_minimal_ws/build/px4_msgs -- -j20 -l20
[114.764s] DEBUG:colcon.colcon_core.event_handler.log_command:Invoked command in '/home/ryangpaiva/px4_minimal_ws/build/px4_msgs' returned '0': CMAKE_PREFIX_PATH=/opt/ros/humble /usr/bin/cmake --build /home/ryangpaiva/px4_minimal_ws/build/px4_msgs -- -j20 -l20
[114.779s] DEBUG:colcon.colcon_core.event_handler.log_command:Invoking command in '/home/ryangpaiva/px4_minimal_ws/build/px4_msgs': CMAKE_PREFIX_PATH=/opt/ros/humble /usr/bin/cmake --install /home/ryangpaiva/px4_minimal_ws/build/px4_msgs
[115.682s] Level 1:colcon.colcon_core.environment:create_environment_scripts_only(px4_msgs)
[115.682s] DEBUG:colcon.colcon_core.event_handler.log_command:Invoked command in '/home/ryangpaiva/px4_minimal_ws/build/px4_msgs' returned '0': CMAKE_PREFIX_PATH=/opt/ros/humble /usr/bin/cmake --install /home/ryangpaiva/px4_minimal_ws/build/px4_msgs
[115.684s] Level 1:colcon.colcon_core.environment:checking '/home/ryangpaiva/px4_minimal_ws/install/px4_msgs' for CMake module files
[115.685s] Level 1:colcon.colcon_core.environment:checking '/home/ryangpaiva/px4_minimal_ws/install/px4_msgs' for CMake config files
[115.688s] Level 1:colcon.colcon_core.shell:create_environment_hook('px4_msgs', 'cmake_prefix_path')
[115.689s] INFO:colcon.colcon_core.shell:Creating environment hook '/home/ryangpaiva/px4_minimal_ws/install/px4_msgs/share/px4_msgs/hook/cmake_prefix_path.ps1'
[115.689s] INFO:colcon.colcon_core.shell:Creating environment descriptor '/home/ryangpaiva/px4_minimal_ws/install/px4_msgs/share/px4_msgs/hook/cmake_prefix_path.dsv'
[115.690s] INFO:colcon.colcon_core.shell:Creating environment hook '/home/ryangpaiva/px4_minimal_ws/install/px4_msgs/share/px4_msgs/hook/cmake_prefix_path.sh'
[115.691s] Level 1:colcon.colcon_core.environment:checking '/home/ryangpaiva/px4_minimal_ws/install/px4_msgs/lib'
[115.691s] Level 1:colcon.colcon_core.shell:create_environment_hook('px4_msgs', 'ld_library_path_lib')
[115.691s] INFO:colcon.colcon_core.shell:Creating environment hook '/home/ryangpaiva/px4_minimal_ws/install/px4_msgs/share/px4_msgs/hook/ld_library_path_lib.ps1'
[115.691s] INFO:colcon.colcon_core.shell:Creating environment descriptor '/home/ryangpaiva/px4_minimal_ws/install/px4_msgs/share/px4_msgs/hook/ld_library_path_lib.dsv'
[115.692s] INFO:colcon.colcon_core.shell:Creating environment hook '/home/ryangpaiva/px4_minimal_ws/install/px4_msgs/share/px4_msgs/hook/ld_library_path_lib.sh'
[115.692s] Level 1:colcon.colcon_core.environment:checking '/home/ryangpaiva/px4_minimal_ws/install/px4_msgs/bin'
[115.692s] Level 1:colcon.colcon_core.environment:checking '/home/ryangpaiva/px4_minimal_ws/install/px4_msgs/lib/pkgconfig/px4_msgs.pc'
[115.692s] Level 1:colcon.colcon_core.environment:checking '/home/ryangpaiva/px4_minimal_ws/install/px4_msgs/lib/python3.10/site-packages'
[115.692s] Level 1:colcon.colcon_core.environment:checking '/home/ryangpaiva/px4_minimal_ws/install/px4_msgs/bin'
[115.693s] INFO:colcon.colcon_core.shell:Creating package script '/home/ryangpaiva/px4_minimal_ws/install/px4_msgs/share/px4_msgs/package.ps1'
[115.693s] INFO:colcon.colcon_core.shell:Creating package descriptor '/home/ryangpaiva/px4_minimal_ws/install/px4_msgs/share/px4_msgs/package.dsv'
[115.694s] INFO:colcon.colcon_core.shell:Creating package script '/home/ryangpaiva/px4_minimal_ws/install/px4_msgs/share/px4_msgs/package.sh'
[115.694s] INFO:colcon.colcon_core.shell:Creating package script '/home/ryangpaiva/px4_minimal_ws/install/px4_msgs/share/px4_msgs/package.bash'
[115.695s] INFO:colcon.colcon_core.shell:Creating package script '/home/ryangpaiva/px4_minimal_ws/install/px4_msgs/share/px4_msgs/package.zsh'
[115.696s] Level 1:colcon.colcon_core.environment:create_file_with_runtime_dependencies(/home/ryangpaiva/px4_minimal_ws/install/px4_msgs/share/colcon-core/packages/px4_msgs)
[115.696s] Level 1:colcon.colcon_core.environment:create_environment_scripts_only(px4_msgs)
[115.697s] Level 1:colcon.colcon_core.environment:checking '/home/ryangpaiva/px4_minimal_ws/install/px4_msgs' for CMake module files
[115.697s] Level 1:colcon.colcon_core.environment:checking '/home/ryangpaiva/px4_minimal_ws/install/px4_msgs' for CMake config files
[115.701s] Level 1:colcon.colcon_core.shell:create_environment_hook('px4_msgs', 'cmake_prefix_path')
[115.701s] INFO:colcon.colcon_core.shell:Creating environment hook '/home/ryangpaiva/px4_minimal_ws/install/px4_msgs/share/px4_msgs/hook/cmake_prefix_path.ps1'
[115.702s] INFO:colcon.colcon_core.shell:Creating environment descriptor '/home/ryangpaiva/px4_minimal_ws/install/px4_msgs/share/px4_msgs/hook/cmake_prefix_path.dsv'
[115.702s] INFO:colcon.colcon_core.shell:Creating environment hook '/home/ryangpaiva/px4_minimal_ws/install/px4_msgs/share/px4_msgs/hook/cmake_prefix_path.sh'
[115.702s] Level 1:colcon.colcon_core.environment:checking '/home/ryangpaiva/px4_minimal_ws/install/px4_msgs/lib'
[115.702s] Level 1:colcon.colcon_core.shell:create_environment_hook('px4_msgs', 'ld_library_path_lib')
[115.703s] INFO:colcon.colcon_core.shell:Creating environment hook '/home/ryangpaiva/px4_minimal_ws/install/px4_msgs/share/px4_msgs/hook/ld_library_path_lib.ps1'
[115.703s] INFO:colcon.colcon_core.shell:Creating environment descriptor '/home/ryangpaiva/px4_minimal_ws/install/px4_msgs/share/px4_msgs/hook/ld_library_path_lib.dsv'
[115.703s] INFO:colcon.colcon_core.shell:Creating environment hook '/home/ryangpaiva/px4_minimal_ws/install/px4_msgs/share/px4_msgs/hook/ld_library_path_lib.sh'
[115.704s] Level 1:colcon.colcon_core.environment:checking '/home/ryangpaiva/px4_minimal_ws/install/px4_msgs/bin'
[115.704s] Level 1:colcon.colcon_core.environment:checking '/home/ryangpaiva/px4_minimal_ws/install/px4_msgs/lib/pkgconfig/px4_msgs.pc'
[115.704s] Level 1:colcon.colcon_core.environment:checking '/home/ryangpaiva/px4_minimal_ws/install/px4_msgs/lib/python3.10/site-packages'
[115.704s] Level 1:colcon.colcon_core.environment:checking '/home/ryangpaiva/px4_minimal_ws/install/px4_msgs/bin'
[115.705s] INFO:colcon.colcon_core.shell:Creating package script '/home/ryangpaiva/px4_minimal_ws/install/px4_msgs/share/px4_msgs/package.ps1'
[115.705s] INFO:colcon.colcon_core.shell:Creating package descriptor '/home/ryangpaiva/px4_minimal_ws/install/px4_msgs/share/px4_msgs/package.dsv'
[115.706s] INFO:colcon.colcon_core.shell:Creating package script '/home/ryangpaiva/px4_minimal_ws/install/px4_msgs/share/px4_msgs/package.sh'
[115.706s] INFO:colcon.colcon_core.shell:Creating package script '/home/ryangpaiva/px4_minimal_ws/install/px4_msgs/share/px4_msgs/package.bash'
[115.706s] INFO:colcon.colcon_core.shell:Creating package script '/home/ryangpaiva/px4_minimal_ws/install/px4_msgs/share/px4_msgs/package.zsh'
[115.707s] Level 1:colcon.colcon_core.environment:create_file_with_runtime_dependencies(/home/ryangpaiva/px4_minimal_ws/install/px4_msgs/share/colcon-core/packages/px4_msgs)
[115.707s] DEBUG:colcon.colcon_parallel_executor.executor.parallel:closing loop
[115.707s] DEBUG:colcon.colcon_parallel_executor.executor.parallel:loop closed
[115.707s] DEBUG:colcon.colcon_parallel_executor.executor.parallel:run_until_complete finished with '0'
[115.707s] DEBUG:colcon.colcon_core.event_reactor:joining thread
[115.712s] INFO:colcon.colcon_core.plugin_system:Skipping extension 'colcon_notification.desktop_notification.terminal_notifier': Not used on non-Darwin systems
[115.712s] INFO:colcon.colcon_core.plugin_system:Skipping extension 'colcon_notification.desktop_notification.win32': Not used on non-Windows systems
[115.712s] INFO:colcon.colcon_notification.desktop_notification:Sending desktop notification using 'notify2'
[115.722s] DEBUG:colcon.colcon_core.event_reactor:joined thread
[115.722s] INFO:colcon.colcon_core.shell:Creating prefix script '/home/ryangpaiva/px4_minimal_ws/install/local_setup.ps1'
[115.723s] INFO:colcon.colcon_core.shell:Creating prefix util module '/home/ryangpaiva/px4_minimal_ws/install/_local_setup_util_ps1.py'
[115.724s] INFO:colcon.colcon_core.shell:Creating prefix chain script '/home/ryangpaiva/px4_minimal_ws/install/setup.ps1'
[115.725s] INFO:colcon.colcon_core.shell:Creating prefix script '/home/ryangpaiva/px4_minimal_ws/install/local_setup.sh'
[115.726s] INFO:colcon.colcon_core.shell:Creating prefix util module '/home/ryangpaiva/px4_minimal_ws/install/_local_setup_util_sh.py'
[115.726s] INFO:colcon.colcon_core.shell:Creating prefix chain script '/home/ryangpaiva/px4_minimal_ws/install/setup.sh'
[115.728s] INFO:colcon.colcon_core.shell:Creating prefix script '/home/ryangpaiva/px4_minimal_ws/install/local_setup.bash'
[115.728s] INFO:colcon.colcon_core.shell:Creating prefix chain script '/home/ryangpaiva/px4_minimal_ws/install/setup.bash'
[115.729s] INFO:colcon.colcon_core.shell:Creating prefix script '/home/ryangpaiva/px4_minimal_ws/install/local_setup.zsh'
[115.729s] INFO:colcon.colcon_core.shell:Creating prefix chain script '/home/ryangpaiva/px4_minimal_ws/install/setup.zsh'
