[0.493s] Invoking command in '/home/ryangpaiva/px4_minimal_ws/src/px4_offboard': PYTHONPATH=/home/ryangpaiva/px4_minimal_ws/build/px4_offboard/prefix_override:/usr/lib/python3/dist-packages/colcon_core/task/python/colcon_distutils_commands:/home/ryangpaiva/px4_minimal_ws/install/px4_offboard/lib/python3.10/site-packages:${PYTHONPATH} /usr/bin/python3 -W ignore:setup.py install is deprecated -W ignore:easy_install command is deprecated setup.py egg_info --egg-base ../../build/px4_offboard build --build-base /home/ryangpaiva/px4_minimal_ws/build/px4_offboard/build install --record /home/ryangpaiva/px4_minimal_ws/build/px4_offboard/install.log --single-version-externally-managed install_data
[0.663s] running egg_info
[0.663s] writing ../../build/px4_offboard/px4_offboard.egg-info/PKG-INFO
[0.664s] writing dependency_links to ../../build/px4_offboard/px4_offboard.egg-info/dependency_links.txt
[0.664s] writing entry points to ../../build/px4_offboard/px4_offboard.egg-info/entry_points.txt
[0.664s] writing requirements to ../../build/px4_offboard/px4_offboard.egg-info/requires.txt
[0.664s] writing top-level names to ../../build/px4_offboard/px4_offboard.egg-info/top_level.txt
[0.665s] reading manifest file '../../build/px4_offboard/px4_offboard.egg-info/SOURCES.txt'
[0.665s] adding license file 'LICENSE'
[0.665s] writing manifest file '../../build/px4_offboard/px4_offboard.egg-info/SOURCES.txt'
[0.665s] running build
[0.665s] running build_py
[0.666s] copying px4_offboard/offboard_node.py -> /home/ryangpaiva/px4_minimal_ws/build/px4_offboard/build/lib/px4_offboard
[0.666s] running install
[0.666s] running install_lib
[0.666s] copying /home/ryangpaiva/px4_minimal_ws/build/px4_offboard/build/lib/px4_offboard/offboard_node.py -> /home/ryangpaiva/px4_minimal_ws/install/px4_offboard/lib/python3.10/site-packages/px4_offboard
[0.667s] byte-compiling /home/ryangpaiva/px4_minimal_ws/install/px4_offboard/lib/python3.10/site-packages/px4_offboard/offboard_node.py to offboard_node.cpython-310.pyc
[0.668s] running install_data
[0.668s] running install_egg_info
[0.669s] removing '/home/ryangpaiva/px4_minimal_ws/install/px4_offboard/lib/python3.10/site-packages/px4_offboard-0.0.0-py3.10.egg-info' (and everything under it)
[0.669s] Copying ../../build/px4_offboard/px4_offboard.egg-info to /home/ryangpaiva/px4_minimal_ws/install/px4_offboard/lib/python3.10/site-packages/px4_offboard-0.0.0-py3.10.egg-info
[0.670s] running install_scripts
[0.683s] Installing offboard_node script to /home/ryangpaiva/px4_minimal_ws/install/px4_offboard/lib/px4_offboard
[0.683s] writing list of installed files to '/home/ryangpaiva/px4_minimal_ws/build/px4_offboard/install.log'
[0.698s] Invoked command in '/home/ryangpaiva/px4_minimal_ws/src/px4_offboard' returned '0': PYTHONPATH=/home/ryangpaiva/px4_minimal_ws/build/px4_offboard/prefix_override:/usr/lib/python3/dist-packages/colcon_core/task/python/colcon_distutils_commands:/home/ryangpaiva/px4_minimal_ws/install/px4_offboard/lib/python3.10/site-packages:${PYTHONPATH} /usr/bin/python3 -W ignore:setup.py install is deprecated -W ignore:easy_install command is deprecated setup.py egg_info --egg-base ../../build/px4_offboard build --build-base /home/ryangpaiva/px4_minimal_ws/build/px4_offboard/build install --record /home/ryangpaiva/px4_minimal_ws/build/px4_offboard/install.log --single-version-externally-managed install_data
